burn-in-fixed/app/build/intermediates/manifest_merge_blame_file/debug/processDebugMainManifest/manifest-merger-blame-debug-report.txt
1<?xml version="1.0" encoding="utf-8"?>
2<manifest xmlns:android="http://schemas.android.com/apk/res/android"
3    package="com.burnin.target"
4    android:versionCode="1"
5    android:versionName="0.1.0" >
6
7    <uses-sdk
8        android:minSdkVersion="24"
9        android:targetSdkVersion="33" />
10
11    <uses-permission android:name="android.permission.INTERNET" />
11-->src/main/AndroidManifest.xml:4:5-67
11-->src/main/AndroidManifest.xml:4:22-64
12    <uses-permission android:name="android.permission.ACCESS_NETWORK_STATE" />
12-->src/main/AndroidManifest.xml:5:5-79
12-->src/main/AndroidManifest.xml:5:22-76
13    <uses-permission android:name="android.permission.SYSTEM_ALERT_WINDOW" />
13-->src/main/AndroidManifest.xml:6:5-78
13-->src/main/AndroidManifest.xml:6:22-75
14    <uses-permission android:name="android.permission.FOREGROUND_SERVICE" />
14-->src/main/AndroidManifest.xml:7:5-77
14-->src/main/AndroidManifest.xml:7:22-74
15    <uses-permission android:name="android.permission.POST_NOTIFICATIONS" />
15-->src/main/AndroidManifest.xml:8:5-77
15-->src/main/AndroidManifest.xml:8:22-74
16    <uses-permission android:name="android.permission.WAKE_LOCK" />
16-->src/main/AndroidManifest.xml:9:5-68
16-->src/main/AndroidManifest.xml:9:22-65
17
18    <application
18-->src/main/AndroidManifest.xml:11:5-36:19
19        android:allowBackup="false"
19-->src/main/AndroidManifest.xml:14:9-36
20        android:debuggable="true"
21        android:extractNativeLibs="false"
22        android:label="번인 보정 (Target)"
22-->src/main/AndroidManifest.xml:12:9-39
23        android:largeHeap="true"
23-->src/main/AndroidManifest.xml:13:9-33
24        android:theme="@android:style/Theme.Material" >
24-->src/main/AndroidManifest.xml:15:9-54
25        <activity
25-->src/main/AndroidManifest.xml:17:9-24:20
26            android:name="com.burnin.target.MainActivity"
26-->src/main/AndroidManifest.xml:18:13-41
27            android:exported="true" >
27-->src/main/AndroidManifest.xml:19:13-36
28            <intent-filter>
28-->src/main/AndroidManifest.xml:20:13-23:29
29                <action android:name="android.intent.action.MAIN" />
29-->src/main/AndroidManifest.xml:21:17-69
29-->src/main/AndroidManifest.xml:21:25-66
30
31                <category android:name="android.intent.category.LAUNCHER" />
31-->src/main/AndroidManifest.xml:22:17-77
31-->src/main/AndroidManifest.xml:22:27-74
32            </intent-filter>
33        </activity>
34        <activity
34-->src/main/AndroidManifest.xml:26:9-31:84
35            android:name="com.burnin.target.pattern.PatternActivity"
35-->src/main/AndroidManifest.xml:27:13-52
36            android:configChanges="orientation|screenSize|keyboardHidden|screenLayout"
36-->src/main/AndroidManifest.xml:30:13-87
37            android:exported="false"
37-->src/main/AndroidManifest.xml:28:13-37
38            android:launchMode="singleTask"
38-->src/main/AndroidManifest.xml:29:13-44
39            android:theme="@android:style/Theme.Material.NoActionBar.Fullscreen" />
39-->src/main/AndroidManifest.xml:31:13-81
40
41        <service
41-->src/main/AndroidManifest.xml:33:9-35:40
42            android:name="com.burnin.target.overlay.OverlayService"
42-->src/main/AndroidManifest.xml:34:13-51
43            android:exported="false" />
43-->src/main/AndroidManifest.xml:35:13-37
44    </application>
45
46</manifest>